<?xml version="1.0" encoding="UTF-8"?>
<!-- Generated by org.testng.reporters.JUnitReportReporter -->
<testsuite hostname="LAPTOP-MBB7JRKJ" name="samplejenkins.RemoveDupsFromlist" tests="1" failures="0" timestamp="11 Feb 2021 20:52:48 GMT" time="0.001" errors="0">
  <testcase name="AddDupsToAaary" time="0.001" classname="samplejenkins.RemoveDupsFromlist"/>
</testsuite> <!-- samplejenkins.RemoveDupsFromlist -->
