<?xml version="1.0" encoding="UTF-8"?>
<!-- Generated by org.testng.reporters.JUnitReportReporter -->
<testsuite hostname="LAPTOP-MBB7JRKJ" name="samplejenkins.SampleTest" tests="1" failures="0" timestamp="11 Feb 2021 19:37:39 GMT" time="0.009" errors="0">
  <testcase name="test1" time="0.009" classname="samplejenkins.SampleTest"/>
</testsuite> <!-- samplejenkins.SampleTest -->
