<?xml version="1.0" encoding="UTF-8"?>
<!-- Generated by org.testng.reporters.JUnitReportReporter -->
<testsuite hostname="LAPTOP-MBB7JRKJ" name="samplejenkins.Amazon_logo" tests="1" failures="0" timestamp="11 Feb 2021 20:54:37 GMT" time="6.842" errors="0">
  <testcase name="TestAMZ" time="6.842" classname="samplejenkins.Amazon_logo"/>
</testsuite> <!-- samplejenkins.Amazon_logo -->
